<?xml version="1.0" encoding="UTF-8" ?>
<testsuite failures="1" time="0.606" errors="0" skipped="0" tests="1" name="TestSuite">
  <properties>
[...]
</properties>
  <testcase time="0.189" classname="ExecutionThreadTest" name="testRequestCache">
    <failure type="java.lang.AssertionError">java.lang.AssertionError
	at ExecutionThreadTest.testRequestCache(ExecutionThreadTest.java:23)
</failure>
    <system-out>@HL
@HL-------------------------------------------------------
@HL T E S T S
@HL-------------------------------------------------------
@SLRunning TestSuite
java.lang.IllegalStateException: HystrixRequestContext.initializeContext() must be called at the beginning of each request before RequestVariable functionality can be used.
</system-out>
    <system-err>SLF4J: Failed to load class &quot;org.slf4j.impl.StaticLoggerBinder&quot;.
SLF4J: Defaulting to no-operation (NOP) logger implementation
SLF4J: See http://www.slf4j.org/codes.html#StaticLoggerBinder for further details.
</system-err>
  </testcase>
</testsuite>