-------------------------------------------------------------------------------
Test set: TestSuite
-------------------------------------------------------------------------------
Tests run: 1, Failures: 1, Errors: 0, Skipped: 0, Time elapsed: 0.606 sec <<< FAILURE!
testRequestCache(ExecutionThreadTest)  Time elapsed: 0.188 sec  <<< FAILURE!
java.lang.AssertionError
	at ExecutionThreadTest.testRequestCache(ExecutionThreadTest.java:23)

